<?xml version="1.0" encoding="UTF-8"?>
<!-- Generated by org.testng.reporters.JUnitXMLReporter -->
<testsuite ignored="0" hostname="SaiGaming" failures="1" tests="3" name="Google Feature Tests" time="4.635" errors="0" timestamp="2024-11-02T05:56:06 GMT+07:00">
  <testcase classname="features.demo.google.GooglePageTest" name="testGoogleSearch" time="0.447"/>
  <testcase classname="features.demo.google.GooglePageTest" name="testGoogleSearchAnime" time="0.918"/>
  <testcase classname="features.demo.google.GooglePageTest" name="testSearchSaiGame" time="2.222">
    <failure type="java.lang.AssertionError" message="Keyword not in the result expected [true] but found [false]">
      <![CDATA[java.lang.AssertionError: Keyword not in the result expected [true] but found [false]
at core.verify.Verify.isTrue(Verify.java:29)
at pages.demo.google.GooglePage.verifyResultsHas(GooglePage.java:49)
at features.demo.google.GooglePageTest.testSearchSaiGame(GooglePageTest.java:49)
at java.base/java.util.ArrayList.forEach(ArrayList.java:1597)
... Removed 32 stack frames]]>
    </failure>
  </testcase> <!-- testSearchSaiGame -->
</testsuite> <!-- Google Feature Tests -->
