<?xml version="1.0" encoding="UTF-8"?>
<!-- Generated by org.testng.reporters.JUnitXMLReporter -->
<testsuite ignored="0" hostname="SaiGaming" failures="1" tests="8" name="Surefire test" time="12.233" errors="0" timestamp="2024-11-02T05:02:25 GMT+07:00">
  <testcase classname="features.demo.google.GooglePageTest" name="testGoogleSearch" time="0.467"/>
  <testcase classname="features.demo.google.GooglePageTest" name="testGoogleSearchAnime" time="0.893"/>
  <testcase classname="features.demo.google.GooglePageTest" name="testSearchSaiGame" time="2.932">
    <failure type="java.lang.AssertionError" message="Keyword not in the result expected [true] but found [false]">
      <![CDATA[java.lang.AssertionError: Keyword not in the result expected [true] but found [false]
at core.verify.Verify.isTrue(Verify.java:28)
at pages.demo.google.GooglePage.verifyResultsHas(GooglePage.java:49)
at features.demo.google.GooglePageTest.testSearchSaiGame(GooglePageTest.java:54)
at java.base/java.util.ArrayList.forEach(ArrayList.java:1597)
... Removed 33 stack frames]]>
    </failure>
  </testcase> <!-- testSearchSaiGame -->
  <testcase classname="features.demo.google.GooglePageTwoTest" name="testGoogleSearchAnimeTwo" time="1.161"/>
  <testcase classname="features.demo.google.GooglePageTwoTest" name="testGoogleSearchTwo" time="0.223"/>
  <testcase classname="features.demo.google.GooglePageTwoTest" name="testSearchSaiGameTwo" time="2.814"/>
  <testcase classname="features.demo.google.GoogleSearchTest" name="testGoogleSearch" time="0.658"/>
  <testcase classname="features.demo.google.GoogleSearchTest" name="testGoogleSearchAnime" time="0.409"/>
</testsuite> <!-- Surefire test -->
