<?xml version="1.0" encoding="UTF-8"?>
<testng-results ignored="0" total="3" passed="2" failed="1" skipped="0">
  <reporter-output>
  </reporter-output>
  <suite started-at="2024-11-02T05:56:01 GMT+07:00" name="Automation Suite" finished-at="2024-11-02T05:56:05 GMT+07:00" duration-ms="4635">
    <groups>
    </groups>
    <test started-at="2024-11-02T05:56:01 GMT+07:00" name="Google Feature Tests" finished-at="2024-11-02T05:56:05 GMT+07:00" duration-ms="4635">
      <class name="features.demo.google.GooglePageTest">
        <test-method is-config="true" signature="setUp()[pri:0, instance:features.demo.google.GooglePageTest@1623b78d]" started-at="2024-11-02T05:56:01 GMT+07:00" name="setUp" finished-at="2024-11-02T05:56:02 GMT+07:00" duration-ms="878" status="PASS">
          <reporter-output>
          </reporter-output>
        </test-method> <!-- setUp -->
        <test-method signature="testGoogleSearch()[pri:0, instance:features.demo.google.GooglePageTest@1623b78d]" started-at="2024-11-02T05:56:02 GMT+07:00" name="testGoogleSearch" finished-at="2024-11-02T05:56:02 GMT+07:00" duration-ms="447" status="PASS">
          <reporter-output>
          </reporter-output>
        </test-method> <!-- testGoogleSearch -->
        <test-method signature="testGoogleSearchAnime()[pri:0, instance:features.demo.google.GooglePageTest@1623b78d]" started-at="2024-11-02T05:56:02 GMT+07:00" name="testGoogleSearchAnime" finished-at="2024-11-02T05:56:03 GMT+07:00" duration-ms="918" status="PASS">
          <reporter-output>
          </reporter-output>
        </test-method> <!-- testGoogleSearchAnime -->
        <test-method signature="testSearchSaiGame()[pri:0, instance:features.demo.google.GooglePageTest@1623b78d]" started-at="2024-11-02T05:56:03 GMT+07:00" name="testSearchSaiGame" finished-at="2024-11-02T05:56:05 GMT+07:00" duration-ms="2222" status="FAIL">
          <exception class="java.lang.AssertionError">
            <message>
              <![CDATA[Keyword not in the result expected [true] but found [false]]]>
            </message>
            <full-stacktrace>
              <![CDATA[java.lang.AssertionError: Keyword not in the result expected [true] but found [false]
at org.testng.Assert.fail(Assert.java:111)
at org.testng.Assert.failNotEquals(Assert.java:1578)
at org.testng.Assert.assertTrue(Assert.java:57)
at core.verify.Verify.isTrue(Verify.java:29)
at pages.demo.google.GooglePage.verifyResultsHas(GooglePage.java:49)
at features.demo.google.GooglePageTest.testSearchSaiGame(GooglePageTest.java:49)
at java.base/jdk.internal.reflect.DirectMethodHandleAccessor.invoke(DirectMethodHandleAccessor.java:103)
at java.base/java.lang.reflect.Method.invoke(Method.java:580)
at org.testng.internal.invokers.MethodInvocationHelper.invokeMethod(MethodInvocationHelper.java:141)
at org.testng.internal.invokers.TestInvoker.invokeMethod(TestInvoker.java:686)
at org.testng.internal.invokers.TestInvoker.invokeTestMethod(TestInvoker.java:230)
at org.testng.internal.invokers.MethodRunner.runInSequence(MethodRunner.java:63)
at org.testng.internal.invokers.TestInvoker$MethodInvocationAgent.invoke(TestInvoker.java:992)
at org.testng.internal.invokers.TestInvoker.invokeTestMethods(TestInvoker.java:203)
at org.testng.internal.invokers.TestMethodWorker.invokeTestMethods(TestMethodWorker.java:154)
at org.testng.internal.invokers.TestMethodWorker.run(TestMethodWorker.java:134)
at java.base/java.util.ArrayList.forEach(ArrayList.java:1597)
at org.testng.TestRunner.privateRun(TestRunner.java:739)
at org.testng.TestRunner.run(TestRunner.java:614)
at org.testng.SuiteRunner.runTest(SuiteRunner.java:421)
at org.testng.SuiteRunner.runSequentially(SuiteRunner.java:413)
at org.testng.SuiteRunner.privateRun(SuiteRunner.java:373)
at org.testng.SuiteRunner.run(SuiteRunner.java:312)
at org.testng.SuiteRunnerWorker.runSuite(SuiteRunnerWorker.java:52)
at org.testng.SuiteRunnerWorker.run(SuiteRunnerWorker.java:95)
at org.testng.TestNG.runSuitesSequentially(TestNG.java:1274)
at org.testng.TestNG.runSuitesLocally(TestNG.java:1208)
at org.testng.TestNG.runSuites(TestNG.java:1112)
at org.testng.TestNG.run(TestNG.java:1079)
at org.apache.maven.surefire.testng.TestNGExecutor.run(TestNGExecutor.java:284)
at org.apache.maven.surefire.testng.TestNGXmlTestSuite.execute(TestNGXmlTestSuite.java:75)
at org.apache.maven.surefire.testng.TestNGProvider.invoke(TestNGProvider.java:119)
at org.apache.maven.surefire.booter.ForkedBooter.runSuitesInProcess(ForkedBooter.java:428)
at org.apache.maven.surefire.booter.ForkedBooter.execute(ForkedBooter.java:162)
at org.apache.maven.surefire.booter.ForkedBooter.run(ForkedBooter.java:562)
at org.apache.maven.surefire.booter.ForkedBooter.main(ForkedBooter.java:548)
]]>
            </full-stacktrace>
          </exception> <!-- java.lang.AssertionError -->
          <reporter-output>
          </reporter-output>
        </test-method> <!-- testSearchSaiGame -->
        <test-method is-config="true" signature="tearDown()[pri:0, instance:features.demo.google.GooglePageTest@1623b78d]" started-at="2024-11-02T05:56:05 GMT+07:00" name="tearDown" finished-at="2024-11-02T05:56:05 GMT+07:00" duration-ms="78" status="PASS">
          <reporter-output>
          </reporter-output>
        </test-method> <!-- tearDown -->
      </class> <!-- features.demo.google.GooglePageTest -->
    </test> <!-- Google Feature Tests -->
  </suite> <!-- Automation Suite -->
</testng-results>
